{"timestamp":"2025-07-10T12:00:00Z","action":"Export dat"}
{"timestamp":"2025-07-10T12:00:01Z","action":"Export dat"}
{"timestamp":"2025-07-10T12:00:02Z","action":"Export dat"}
{"timestamp":"2025-07-10T12:00:03Z","action":"Export dat"}
{"timestamp":"2025-07-10T21:40:47.190Z","userId":"68703344b60db7fe13b32249","email":"pluks120@gmail.com","action":"Přihlášení","details":{"ip":"::1"}}
{"timestamp":"2025-07-10T21:40:59.681Z","userId":"68703344b60db7fe13b32249","email":"pluks120@gmail.com","action":"Přihlášení","details":{"ip":"::1"}}
{"timestamp":"2025-07-10T21:41:02.371Z","userId":"68703344b60db7fe13b32249","email":"pluks120@gmail.com","action":"Přihlášení","details":{"ip":"::1"}}
{"timestamp":"2025-07-10T21:41:14.365Z","userId":"68703344b60db7fe13b32249","email":"pluks120@gmail.com","action":"Přihlášení","details":{"ip":"::1"}}
{"timestamp":"2025-07-10T21:41:18.103Z","userId":"68703344b60db7fe13b32249","email":"pluks120@gmail.com","action":"Přihlášení","details":{"ip":"::1"}}
{"timestamp":"2025-07-10T21:42:03.119Z","userId":"68703344b60db7fe13b32249","email":"pluks120@gmail.com","action":"Přihlášení","details":{"ip":"::1"}}
{"timestamp":"2025-07-10T21:43:26.591Z","userId":"68703344b60db7fe13b32249","email":"pluks120@gmail.com","action":"Přihlášení","details":{"ip":"::1"}}
{"timestamp":"2025-07-10T21:44:39.512Z","userId":"68703344b60db7fe13b32249","email":"pluks120@gmail.com","action":"Přihlášení","details":{"ip":"::1"}}
{"timestamp":"2025-07-10T21:44:50.212Z","userId":"68703344b60db7fe13b32249","email":"pluks120@gmail.com","action":"Přihlášení","details":{"ip":"::1"}}
{"timestamp":"2025-07-10T21:45:00.080Z","userId":"68703344b60db7fe13b32249","email":"pluks120@gmail.com","action":"Přihlášení","details":{"ip":"::1"}}
{"timestamp":"2025-07-10T21:59:33.593Z","userId":"68703344b60db7fe13b32249","email":"pluks120@gmail.com","action":"Přihlášení","details":{"ip":"::1"}}
{"timestamp":"2025-07-11T11:04:39.405Z","userId":null,"email":"testuser@example.com","action":"Neúspěšné přihlášení","details":{"ip":"::1"}}
{"timestamp":"2025-07-11T11:07:21.349Z","userId":"68703344b60db7fe13b32249","email":"pluks120@gmail.com","action":"Přihlášení","details":{"ip":"::1"}}
{"timestamp":"2025-07-11T11:20:01.793Z","userId":null,"email":"test2fa@test.cz","action":"Neúspěšné přihlášení","details":{"ip":"::1"}}
{"timestamp":"2025-07-11T11:20:29.243Z","userId":"68703344b60db7fe13b32249","email":"pluks120@gmail.com","action":"Neúspěšné přihlášení","details":{"ip":"::1"}}
{"timestamp":"2025-07-11T11:20:36.685Z","userId":null,"email":"neexistuje1752232833742@test.cz","action":"Neúspěšné přihlášení","details":{"ip":"::1"}}
{"timestamp":"2025-07-11T11:20:59.877Z","userId":null,"email":"testgami@test.cz","action":"Neúspěšné přihlášení","details":{"ip":"::1"}}
